# JRE version: OpenJDK Runtime Environment (8.0_242-b01) (build 1.8.0_242-release-1644-b01)
# Java VM: OpenJDK 64-Bit Server VM (25.242-b01 mixed mode windows-amd64 compressed oops)
Heap:
 PSYoungGen      total 275456K, used 256825K [0x00000000d5580000, 0x00000000eb000000, 0x0000000100000000)
  eden space 234496K, 96% used [0x00000000d5580000,0x00000000e33370a0,0x00000000e3a80000)
  from space 40960K, 72% used [0x00000000e3a80000,0x00000000e57976d0,0x00000000e6280000)
  to   space 43008K, 0% used [0x00000000e8600000,0x00000000e8600000,0x00000000eb000000)
 ParOldGen       total 214528K, used 67685K [0x0000000080000000, 0x000000008d180000, 0x00000000d5580000)
  object space 214528K, 31% used [0x0000000080000000,0x0000000084219688,0x000000008d180000)
 Metaspace       used 101762K, capacity 107411K, committed 107480K, reserved 1142784K
  class space    used 13421K, capacity 14537K, committed 14592K, reserved 1048576K
GC Heap History (10 events):
Event: 52.385 GC heap before
{Heap before GC invocations=19 (full 3):
 PSYoungGen      total 205824K, used 205805K [0x00000000d5580000, 0x00000000e6280000, 0x0000000100000000)
  eden space 182272K, 100% used [0x00000000d5580000,0x00000000e0780000,0x00000000e0780000)
  from space 23552K, 99% used [0x00000000e0780000,0x00000000e1e7b648,0x00000000e1e80000)
  to   space 30208K, 0% used [0x00000000e4500000,0x00000000e4500000,0x00000000e6280000)
 ParOldGen       total 138240K, used 44816K [0x0000000080000000, 0x0000000088700000, 0x00000000d5580000)
  object space 138240K, 32% used [0x0000000080000000,0x0000000082bc4078,0x0000000088700000)
 Metaspace       used 91528K, capacity 95872K, committed 96216K, reserved 1132544K
  class space    used 12062K, capacity 12975K, committed 13056K, reserved 1048576K
Event: 52.541 GC heap after
Heap after GC invocations=19 (full 3):
 PSYoungGen      total 242688K, used 23868K [0x00000000d5580000, 0x00000000e6700000, 0x0000000100000000)
  eden space 212480K, 0% used [0x00000000d5580000,0x00000000d5580000,0x00000000e2500000)
  from space 30208K, 79% used [0x00000000e4500000,0x00000000e5c4f0e0,0x00000000e6280000)
  to   space 32768K, 0% used [0x00000000e2500000,0x00000000e2500000,0x00000000e4500000)
 ParOldGen       total 138240K, used 51777K [0x0000000080000000, 0x0000000088700000, 0x00000000d5580000)
  object space 138240K, 37% used [0x0000000080000000,0x00000000832905f8,0x0000000088700000)
 Metaspace       used 91528K, capacity 95872K, committed 96216K, reserved 1132544K
  class space    used 12062K, capacity 12975K, committed 13056K, reserved 1048576K
}
Event: 56.457 GC heap before
{Heap before GC invocations=20 (full 3):
 PSYoungGen      total 242688K, used 157896K [0x00000000d5580000, 0x00000000e6700000, 0x0000000100000000)
  eden space 212480K, 63% used [0x00000000d5580000,0x00000000dd863020,0x00000000e2500000)
  from space 30208K, 79% used [0x00000000e4500000,0x00000000e5c4f0e0,0x00000000e6280000)
  to   space 32768K, 0% used [0x00000000e2500000,0x00000000e2500000,0x00000000e4500000)
 ParOldGen       total 138240K, used 51777K [0x0000000080000000, 0x0000000088700000, 0x00000000d5580000)
  object space 138240K, 37% used [0x0000000080000000,0x00000000832905f8,0x0000000088700000)
 Metaspace       used 93730K, capacity 98347K, committed 98380K, reserved 1134592K
  class space    used 12343K, capacity 13279K, committed 13312K, reserved 1048576K
Event: 56.492 GC heap after
Heap after GC invocations=20 (full 3):
 PSYoungGen      total 245248K, used 32749K [0x00000000d5580000, 0x00000000e8880000, 0x0000000100000000)
  eden space 212480K, 0% used [0x00000000d5580000,0x00000000d5580000,0x00000000e2500000)
  from space 32768K, 99% used [0x00000000e2500000,0x00000000e44fb598,0x00000000e4500000)
  to   space 38912K, 0% used [0x00000000e6280000,0x00000000e6280000,0x00000000e8880000)
 ParOldGen       total 138240K, used 55007K [0x0000000080000000, 0x0000000088700000, 0x00000000d5580000)
  object space 138240K, 39% used [0x0000000080000000,0x00000000835b7e08,0x0000000088700000)
 Metaspace       used 93730K, capacity 98347K, committed 98380K, reserved 1134592K
  class space    used 12343K, capacity 13279K, committed 13312K, reserved 1048576K
}
Event: 56.541 GC heap before
{Heap before GC invocations=21 (full 4):
 PSYoungGen      total 245248K, used 32749K [0x00000000d5580000, 0x00000000e8880000, 0x0000000100000000)
  eden space 212480K, 0% used [0x00000000d5580000,0x00000000d5580000,0x00000000e2500000)
  from space 32768K, 99% used [0x00000000e2500000,0x00000000e44fb598,0x00000000e4500000)
  to   space 38912K, 0% used [0x00000000e6280000,0x00000000e6280000,0x00000000e8880000)
 ParOldGen       total 138240K, used 55007K [0x0000000080000000, 0x0000000088700000, 0x00000000d5580000)
  object space 138240K, 39% used [0x0000000080000000,0x00000000835b7e08,0x0000000088700000)
 Metaspace       used 93730K, capacity 98347K, committed 98380K, reserved 1134592K
  class space    used 12343K, capacity 13279K, committed 13312K, reserved 1048576K
Event: 57.656 GC heap after
Heap after GC invocations=21 (full 4):
 PSYoungGen      total 245248K, used 0K [0x00000000d5580000, 0x00000000e8880000, 0x0000000100000000)
  eden space 212480K, 0% used [0x00000000d5580000,0x00000000d5580000,0x00000000e2500000)
  from space 32768K, 0% used [0x00000000e2500000,0x00000000e2500000,0x00000000e4500000)
  to   space 38912K, 0% used [0x00000000e6280000,0x00000000e6280000,0x00000000e8880000)
 ParOldGen       total 214528K, used 67669K [0x0000000080000000, 0x000000008d180000, 0x00000000d5580000)
  object space 214528K, 31% used [0x0000000080000000,0x0000000084215688,0x000000008d180000)
 Metaspace       used 93656K, capacity 98125K, committed 98380K, reserved 1134592K
  class space    used 12318K, capacity 13236K, committed 13312K, reserved 1048576K
}
Event: 61.753 GC heap before
{Heap before GC invocations=22 (full 4):
 PSYoungGen      total 245248K, used 212480K [0x00000000d5580000, 0x00000000e8880000, 0x0000000100000000)
  eden space 212480K, 100% used [0x00000000d5580000,0x00000000e2500000,0x00000000e2500000)
  from space 32768K, 0% used [0x00000000e2500000,0x00000000e2500000,0x00000000e4500000)
  to   space 38912K, 0% used [0x00000000e6280000,0x00000000e6280000,0x00000000e8880000)
 ParOldGen       total 214528K, used 67669K [0x0000000080000000, 0x000000008d180000, 0x00000000d5580000)
  object space 214528K, 31% used [0x0000000080000000,0x0000000084215688,0x000000008d180000)
 Metaspace       used 100044K, capacity 105235K, committed 105432K, reserved 1140736K
  class space    used 13217K, capacity 14263K, committed 14336K, reserved 1048576K
Event: 61.825 GC heap after
Heap after GC invocations=22 (full 4):
 PSYoungGen      total 273408K, used 28122K [0x00000000d5580000, 0x00000000e8e00000, 0x0000000100000000)
  eden space 234496K, 0% used [0x00000000d5580000,0x00000000d5580000,0x00000000e3a80000)
  from space 38912K, 72% used [0x00000000e6280000,0x00000000e7df6a88,0x00000000e8880000)
  to   space 40960K, 0% used [0x00000000e3a80000,0x00000000e3a80000,0x00000000e6280000)
 ParOldGen       total 214528K, used 67677K [0x0000000080000000, 0x000000008d180000, 0x00000000d5580000)
  object space 214528K, 31% used [0x0000000080000000,0x0000000084217688,0x000000008d180000)
 Metaspace       used 100044K, capacity 105235K, committed 105432K, reserved 1140736K
  class space    used 13217K, capacity 14263K, committed 14336K, reserved 1048576K
}
Event: 63.604 GC heap before
{Heap before GC invocations=23 (full 4):
 PSYoungGen      total 273408K, used 262618K [0x00000000d5580000, 0x00000000e8e00000, 0x0000000100000000)
  eden space 234496K, 100% used [0x00000000d5580000,0x00000000e3a80000,0x00000000e3a80000)
  from space 38912K, 72% used [0x00000000e6280000,0x00000000e7df6a88,0x00000000e8880000)
  to   space 40960K, 0% used [0x00000000e3a80000,0x00000000e3a80000,0x00000000e6280000)
 ParOldGen       total 214528K, used 67677K [0x0000000080000000, 0x000000008d180000, 0x00000000d5580000)
  object space 214528K, 31% used [0x0000000080000000,0x0000000084217688,0x000000008d180000)
 Metaspace       used 101592K, capacity 107189K, committed 107480K, reserved 1142784K
  class space    used 13397K, capacity 14496K, committed 14592K, reserved 1048576K
Event: 63.657 GC heap after
Heap after GC invocations=23 (full 4):
 PSYoungGen      total 275456K, used 29789K [0x00000000d5580000, 0x00000000eb000000, 0x0000000100000000)
  eden space 234496K, 0% used [0x00000000d5580000,0x00000000d5580000,0x00000000e3a80000)
  from space 40960K, 72% used [0x00000000e3a80000,0x00000000e57976d0,0x00000000e6280000)
  to   space 43008K, 0% used [0x00000000e8600000,0x00000000e8600000,0x00000000eb000000)
 ParOldGen       total 214528K, used 67685K [0x0000000080000000, 0x000000008d180000, 0x00000000d5580000)
  object space 214528K, 31% used [0x0000000080000000,0x0000000084219688,0x000000008d180000)
 Metaspace       used 101592K, capacity 107189K, committed 107480K, reserved 1142784K
  class space    used 13397K, capacity 14496K, committed 14592K, reserved 1048576K
}

